<?xml version="1.0" encoding="UTF-8"?>
<testng-results skipped="0" failed="1" ignored="0" total="5" passed="4">
  <reporter-output>
    <line>
      <![CDATA[Login successfully executed]]>
    </line>
    <line>
      <![CDATA[Capturing screenshot]]>
    </line>
    <line>
      <![CDATA[<a target="_blank" href=Tue_Mar_11_00_10_56_PDT_2025>Screenshot</a><img target="_blank" src=Tue_Mar_11_00_10_56_PDT_2025 height=200 width=200>Screenshot</img>]]>
    </line>
  </reporter-output>
  <suite name="Data Driver Basics" duration-ms="14296" started-at="2025-03-11T00:10:54 PDT" finished-at="2025-03-11T00:11:09 PDT">
    <groups>
    </groups>
    <test name="Bank Manager Login Test" duration-ms="2534" started-at="2025-03-11T00:10:54 PDT" finished-at="2025-03-11T00:10:57 PDT">
      <class name="com.w2a.testcases.BankManagerLoginTest">
        <test-method status="FAIL" signature="bankManagerLoginTest()[pri:0, instance:com.w2a.testcases.BankManagerLoginTest@78e4deb0]" name="bankManagerLoginTest" duration-ms="1965" started-at="2025-03-11T00:10:54 PDT" finished-at="2025-03-11T00:10:56 PDT">
          <exception class="java.lang.AssertionError">
            <message>
              <![CDATA[Login not successful]]>
            </message>
            <full-stacktrace>
              <![CDATA[java.lang.AssertionError: Login not successful
at org.testng.Assert.fail(Assert.java:97)
at com.w2a.testcases.BankManagerLoginTest.bankManagerLoginTest(BankManagerLoginTest.java:22)
at sun.reflect.NativeMethodAccessorImpl.invoke0(Native Method)
at sun.reflect.NativeMethodAccessorImpl.invoke(NativeMethodAccessorImpl.java:62)
at sun.reflect.DelegatingMethodAccessorImpl.invoke(DelegatingMethodAccessorImpl.java:43)
at java.lang.reflect.Method.invoke(Method.java:498)
at org.testng.internal.MethodInvocationHelper.invokeMethod(MethodInvocationHelper.java:134)
at org.testng.internal.TestInvoker.invokeMethod(TestInvoker.java:597)
at org.testng.internal.TestInvoker.invokeTestMethod(TestInvoker.java:173)
at org.testng.internal.MethodRunner.runInSequence(MethodRunner.java:46)
at org.testng.internal.TestInvoker$MethodInvocationAgent.invoke(TestInvoker.java:816)
at org.testng.internal.TestInvoker.invokeTestMethods(TestInvoker.java:146)
at org.testng.internal.TestMethodWorker.invokeTestMethods(TestMethodWorker.java:146)
at org.testng.internal.TestMethodWorker.run(TestMethodWorker.java:128)
at java.util.ArrayList.forEach(ArrayList.java:1257)
at org.testng.TestRunner.privateRun(TestRunner.java:766)
at org.testng.TestRunner.run(TestRunner.java:587)
at org.testng.SuiteRunner.runTest(SuiteRunner.java:384)
at org.testng.SuiteRunner.runSequentially(SuiteRunner.java:378)
at org.testng.SuiteRunner.privateRun(SuiteRunner.java:337)
at org.testng.SuiteRunner.run(SuiteRunner.java:286)
at org.testng.SuiteRunnerWorker.runSuite(SuiteRunnerWorker.java:53)
at org.testng.SuiteRunnerWorker.run(SuiteRunnerWorker.java:96)
at org.testng.TestNG.runSuitesSequentially(TestNG.java:1187)
at org.testng.TestNG.runSuitesLocally(TestNG.java:1109)
at org.testng.TestNG.runSuites(TestNG.java:1039)
at org.testng.TestNG.run(TestNG.java:1007)
at org.apache.maven.surefire.testng.TestNGExecutor.run(TestNGExecutor.java:295)
at org.apache.maven.surefire.testng.TestNGXmlTestSuite.execute(TestNGXmlTestSuite.java:84)
at org.apache.maven.surefire.testng.TestNGProvider.invoke(TestNGProvider.java:90)
at org.apache.maven.surefire.booter.ForkedBooter.invokeProviderInSameClassLoader(ForkedBooter.java:203)
at org.apache.maven.surefire.booter.ForkedBooter.runSuitesInProcess(ForkedBooter.java:155)
at org.apache.maven.surefire.booter.ForkedBooter.main(ForkedBooter.java:103)
]]>
            </full-stacktrace>
          </exception> <!-- java.lang.AssertionError -->
          <reporter-output>
            <line>
              <![CDATA[Login successfully executed]]>
            </line>
            <line>
              <![CDATA[Capturing screenshot]]>
            </line>
            <line>
              <![CDATA[<a target="_blank" href=Tue_Mar_11_00_10_56_PDT_2025>Screenshot</a><img target="_blank" src=Tue_Mar_11_00_10_56_PDT_2025 height=200 width=200>Screenshot</img>]]>
            </line>
          </reporter-output>
        </test-method> <!-- bankManagerLoginTest -->
      </class> <!-- com.w2a.testcases.BankManagerLoginTest -->
    </test> <!-- Bank Manager Login Test -->
    <test name="Add Customer Test" duration-ms="7646" started-at="2025-03-11T00:10:57 PDT" finished-at="2025-03-11T00:11:05 PDT">
      <class name="com.w2a.testcases.AddCustomerTest">
        <test-method status="PASS" signature="addCustomerTest(java.util.Hashtable)[pri:0, instance:com.w2a.testcases.AddCustomerTest@6bbe85a8]" name="addCustomerTest" duration-ms="3456" started-at="2025-03-11T00:10:57 PDT" data-provider="dp" finished-at="2025-03-11T00:11:00 PDT">
          <params>
            <param index="0">
              <value>
                <![CDATA[{alerttext=Customer added successfully, postcode=146559.0, lastname=Baweja, runmode=Y, firstname=Harry}]]>
              </value>
            </param>
          </params>
          <reporter-output>
          </reporter-output>
        </test-method> <!-- addCustomerTest -->
        <test-method status="PASS" signature="addCustomerTest(java.util.Hashtable)[pri:0, instance:com.w2a.testcases.AddCustomerTest@6bbe85a8]" name="addCustomerTest" duration-ms="1838" started-at="2025-03-11T00:11:00 PDT" data-provider="dp" finished-at="2025-03-11T00:11:02 PDT">
          <params>
            <param index="0">
              <value>
                <![CDATA[{alerttext=Customer added successfully, postcode=123423.0, lastname=Sandhu, runmode=N, firstname=Sunny}]]>
              </value>
            </param>
          </params>
          <reporter-output>
          </reporter-output>
        </test-method> <!-- addCustomerTest -->
        <test-method status="PASS" signature="addCustomerTest(java.util.Hashtable)[pri:0, instance:com.w2a.testcases.AddCustomerTest@6bbe85a8]" name="addCustomerTest" duration-ms="2107" started-at="2025-03-11T00:11:02 PDT" data-provider="dp" finished-at="2025-03-11T00:11:04 PDT">
          <params>
            <param index="0">
              <value>
                <![CDATA[{alerttext=Customer added successfully, postcode=126445.0, lastname=Randhawa, runmode=Y, firstname=Karan}]]>
              </value>
            </param>
          </params>
          <reporter-output>
          </reporter-output>
        </test-method> <!-- addCustomerTest -->
      </class> <!-- com.w2a.testcases.AddCustomerTest -->
    </test> <!-- Add Customer Test -->
    <test name="Open Account Test" duration-ms="4067" started-at="2025-03-11T00:11:05 PDT" finished-at="2025-03-11T00:11:09 PDT">
      <class name="com.w2a.testcases.OpenAccountTest">
        <test-method status="PASS" signature="setUp()[pri:0, instance:com.w2a.testcases.OpenAccountTest@33065d67]" name="setUp" is-config="true" duration-ms="11918" started-at="2025-03-11T00:10:42 PDT" finished-at="2025-03-11T00:10:54 PDT">
          <reporter-output>
          </reporter-output>
        </test-method> <!-- setUp -->
        <test-method status="PASS" signature="openAccountTest(java.util.Hashtable)[pri:0, instance:com.w2a.testcases.OpenAccountTest@33065d67]" name="openAccountTest" duration-ms="4005" started-at="2025-03-11T00:11:05 PDT" data-provider="dp" finished-at="2025-03-11T00:11:09 PDT">
          <params>
            <param index="0">
              <value>
                <![CDATA[{currency=Dollar, customer=Harry Baweja}]]>
              </value>
            </param>
          </params>
          <reporter-output>
          </reporter-output>
        </test-method> <!-- openAccountTest -->
        <test-method status="PASS" signature="tearDown()[pri:0, instance:com.w2a.testcases.OpenAccountTest@33065d67]" name="tearDown" is-config="true" duration-ms="1367" started-at="2025-03-11T00:11:09 PDT" finished-at="2025-03-11T00:11:10 PDT">
          <reporter-output>
          </reporter-output>
        </test-method> <!-- tearDown -->
      </class> <!-- com.w2a.testcases.OpenAccountTest -->
    </test> <!-- Open Account Test -->
  </suite> <!-- Data Driver Basics -->
</testng-results>
