-------------------------------------------------------------------------------
Test set: TestSuite
-------------------------------------------------------------------------------
Tests run: 5, Failures: 1, Errors: 0, Skipped: 0, Time elapsed: 29.928 sec <<< FAILURE! - in TestSuite
bankManagerLoginTest(com.w2a.testcases.BankManagerLoginTest)  Time elapsed: 2.462 sec  <<< FAILURE!
java.lang.AssertionError: Login not successful
	at org.testng.Assert.fail(Assert.java:97)
	at com.w2a.testcases.BankManagerLoginTest.bankManagerLoginTest(BankManagerLoginTest.java:22)

