<?xml version="1.0" encoding="UTF-8"?>
<testng-results skipped="0" failed="1" ignored="0" total="5" passed="4">
  <reporter-output>
    <line>
      <![CDATA[Login successfully executed]]>
    </line>
    <line>
      <![CDATA[Capturing screenshot]]>
    </line>
    <line>
      <![CDATA[<a target="_blank" href=Mon_Mar_10_18_30_31_PDT_2025>Screenshot</a><img target="_blank" src=Mon_Mar_10_18_30_31_PDT_2025 height=200 width=200>Screenshot</img>]]>
    </line>
  </reporter-output>
  <suite name="Data Driver Basics" duration-ms="9364" started-at="2025-03-10T18:30:30 PDT" finished-at="2025-03-10T18:30:39 PDT">
    <groups>
    </groups>
    <test name="Bank Manager Login Test" duration-ms="2206" started-at="2025-03-10T18:30:30 PDT" finished-at="2025-03-10T18:30:32 PDT">
      <class name="com.w2a.testcases.BankManagerLoginTest">
        <test-method status="FAIL" signature="loginAsBankManager()[pri:0, instance:com.w2a.testcases.BankManagerLoginTest@333d4a8c]" name="loginAsBankManager" duration-ms="1485" started-at="2025-03-10T18:30:30 PDT" finished-at="2025-03-10T18:30:31 PDT">
          <exception class="java.lang.AssertionError">
            <message>
              <![CDATA[Login not successful]]>
            </message>
            <full-stacktrace>
              <![CDATA[java.lang.AssertionError: Login not successful
at org.testng.Assert.fail(Assert.java:97)
at com.w2a.testcases.BankManagerLoginTest.loginAsBankManager(BankManagerLoginTest.java:22)
at sun.reflect.NativeMethodAccessorImpl.invoke0(Native Method)
at sun.reflect.NativeMethodAccessorImpl.invoke(NativeMethodAccessorImpl.java:62)
at sun.reflect.DelegatingMethodAccessorImpl.invoke(DelegatingMethodAccessorImpl.java:43)
at java.lang.reflect.Method.invoke(Method.java:498)
at org.testng.internal.MethodInvocationHelper.invokeMethod(MethodInvocationHelper.java:134)
at org.testng.internal.TestInvoker.invokeMethod(TestInvoker.java:597)
at org.testng.internal.TestInvoker.invokeTestMethod(TestInvoker.java:173)
at org.testng.internal.MethodRunner.runInSequence(MethodRunner.java:46)
at org.testng.internal.TestInvoker$MethodInvocationAgent.invoke(TestInvoker.java:816)
at org.testng.internal.TestInvoker.invokeTestMethods(TestInvoker.java:146)
at org.testng.internal.TestMethodWorker.invokeTestMethods(TestMethodWorker.java:146)
at org.testng.internal.TestMethodWorker.run(TestMethodWorker.java:128)
at java.util.ArrayList.forEach(ArrayList.java:1257)
at org.testng.TestRunner.privateRun(TestRunner.java:766)
at org.testng.TestRunner.run(TestRunner.java:587)
at org.testng.SuiteRunner.runTest(SuiteRunner.java:384)
at org.testng.SuiteRunner.runSequentially(SuiteRunner.java:378)
at org.testng.SuiteRunner.privateRun(SuiteRunner.java:337)
at org.testng.SuiteRunner.run(SuiteRunner.java:286)
at org.testng.SuiteRunnerWorker.runSuite(SuiteRunnerWorker.java:53)
at org.testng.SuiteRunnerWorker.run(SuiteRunnerWorker.java:96)
at org.testng.TestNG.runSuitesSequentially(TestNG.java:1187)
at org.testng.TestNG.runSuitesLocally(TestNG.java:1109)
at org.testng.TestNG.runSuites(TestNG.java:1039)
at org.testng.TestNG.run(TestNG.java:1007)
at org.testng.remote.AbstractRemoteTestNG.run(AbstractRemoteTestNG.java:115)
at org.testng.remote.RemoteTestNG.initAndRun(RemoteTestNG.java:251)
at org.testng.remote.RemoteTestNG.main(RemoteTestNG.java:77)
]]>
            </full-stacktrace>
          </exception> <!-- java.lang.AssertionError -->
          <reporter-output>
            <line>
              <![CDATA[Login successfully executed]]>
            </line>
            <line>
              <![CDATA[Capturing screenshot]]>
            </line>
            <line>
              <![CDATA[<a target="_blank" href=Mon_Mar_10_18_30_31_PDT_2025>Screenshot</a><img target="_blank" src=Mon_Mar_10_18_30_31_PDT_2025 height=200 width=200>Screenshot</img>]]>
            </line>
          </reporter-output>
        </test-method> <!-- loginAsBankManager -->
      </class> <!-- com.w2a.testcases.BankManagerLoginTest -->
    </test> <!-- Bank Manager Login Test -->
    <test name="Add Customer Test" duration-ms="5053" started-at="2025-03-10T18:30:32 PDT" finished-at="2025-03-10T18:30:37 PDT">
      <class name="com.w2a.testcases.AddCustomerTest">
        <test-method status="PASS" signature="addCustomerTest(java.lang.String, java.lang.String, java.lang.String, java.lang.String)[pri:0, instance:com.w2a.testcases.AddCustomerTest@1500b2f3]" name="addCustomerTest" duration-ms="2289" started-at="2025-03-10T18:30:32 PDT" data-provider="dp" finished-at="2025-03-10T18:30:34 PDT">
          <params>
            <param index="0">
              <value>
                <![CDATA[Harry]]>
              </value>
            </param>
            <param index="1">
              <value>
                <![CDATA[Baweja]]>
              </value>
            </param>
            <param index="2">
              <value>
                <![CDATA[146559.0]]>
              </value>
            </param>
            <param index="3">
              <value>
                <![CDATA[Customer added successfully]]>
              </value>
            </param>
          </params>
          <reporter-output>
          </reporter-output>
        </test-method> <!-- addCustomerTest -->
        <test-method status="PASS" signature="addCustomerTest(java.lang.String, java.lang.String, java.lang.String, java.lang.String)[pri:0, instance:com.w2a.testcases.AddCustomerTest@1500b2f3]" name="addCustomerTest" duration-ms="1293" started-at="2025-03-10T18:30:34 PDT" data-provider="dp" finished-at="2025-03-10T18:30:36 PDT">
          <params>
            <param index="0">
              <value>
                <![CDATA[Sunny]]>
              </value>
            </param>
            <param index="1">
              <value>
                <![CDATA[Sandhu]]>
              </value>
            </param>
            <param index="2">
              <value>
                <![CDATA[123423.0]]>
              </value>
            </param>
            <param index="3">
              <value>
                <![CDATA[Customer added successfully]]>
              </value>
            </param>
          </params>
          <reporter-output>
          </reporter-output>
        </test-method> <!-- addCustomerTest -->
        <test-method status="PASS" signature="addCustomerTest(java.lang.String, java.lang.String, java.lang.String, java.lang.String)[pri:0, instance:com.w2a.testcases.AddCustomerTest@1500b2f3]" name="addCustomerTest" duration-ms="1197" started-at="2025-03-10T18:30:36 PDT" data-provider="dp" finished-at="2025-03-10T18:30:37 PDT">
          <params>
            <param index="0">
              <value>
                <![CDATA[Karan]]>
              </value>
            </param>
            <param index="1">
              <value>
                <![CDATA[Randhawa]]>
              </value>
            </param>
            <param index="2">
              <value>
                <![CDATA[126445.0]]>
              </value>
            </param>
            <param index="3">
              <value>
                <![CDATA[Customer added successfully]]>
              </value>
            </param>
          </params>
          <reporter-output>
          </reporter-output>
        </test-method> <!-- addCustomerTest -->
      </class> <!-- com.w2a.testcases.AddCustomerTest -->
    </test> <!-- Add Customer Test -->
    <test name="Open Account Test" duration-ms="2032" started-at="2025-03-10T18:30:37 PDT" finished-at="2025-03-10T18:30:39 PDT">
      <class name="com.w2a.testcases.OpenAccountTest">
        <test-method status="PASS" signature="setUp()[pri:0, instance:com.w2a.testcases.OpenAccountTest@71687585]" name="setUp" is-config="true" duration-ms="7613" started-at="2025-03-10T18:30:22 PDT" finished-at="2025-03-10T18:30:30 PDT">
          <reporter-output>
          </reporter-output>
        </test-method> <!-- setUp -->
        <test-method status="PASS" signature="openAccountTest(java.lang.String, java.lang.String)[pri:0, instance:com.w2a.testcases.OpenAccountTest@71687585]" name="openAccountTest" duration-ms="1818" started-at="2025-03-10T18:30:37 PDT" data-provider="dp" finished-at="2025-03-10T18:30:39 PDT">
          <params>
            <param index="0">
              <value>
                <![CDATA[Harry Baweja]]>
              </value>
            </param>
            <param index="1">
              <value>
                <![CDATA[Dollar]]>
              </value>
            </param>
          </params>
          <reporter-output>
          </reporter-output>
        </test-method> <!-- openAccountTest -->
        <test-method status="PASS" signature="tearDown()[pri:0, instance:com.w2a.testcases.OpenAccountTest@71687585]" name="tearDown" is-config="true" duration-ms="1661" started-at="2025-03-10T18:30:39 PDT" finished-at="2025-03-10T18:30:41 PDT">
          <reporter-output>
          </reporter-output>
        </test-method> <!-- tearDown -->
      </class> <!-- com.w2a.testcases.OpenAccountTest -->
    </test> <!-- Open Account Test -->
  </suite> <!-- Data Driver Basics -->
</testng-results>
